[18-May-2023 17:05:14] NOTICE: fpm is running, pid 2631
[18-May-2023 17:05:14] NOTICE: ready to handle connections
[18-May-2023 17:06:13] NOTICE: Terminating ...
[18-May-2023 17:06:13] NOTICE: Terminating ...
[18-May-2023 17:06:13] NOTICE: exiting, bye-bye!
[18-May-2023 17:06:22] NOTICE: fpm is running, pid 2868
[18-May-2023 17:06:22] NOTICE: ready to handle connections
[18-May-2023 22:10:46] NOTICE: Terminating ...
[18-May-2023 22:10:46] NOTICE: Terminating ...
[18-May-2023 22:10:46] NOTICE: exiting, bye-bye!
[19-May-2023 10:18:29] NOTICE: fpm is running, pid 1057
[19-May-2023 10:18:29] NOTICE: ready to handle connections
[19-May-2023 17:43:23] NOTICE: Terminating ...
[19-May-2023 17:43:23] NOTICE: Terminating ...
[19-May-2023 17:43:23] NOTICE: exiting, bye-bye!
[19-May-2023 19:05:43] NOTICE: fpm is running, pid 3734
[19-May-2023 19:05:43] NOTICE: ready to handle connections
[19-May-2023 22:59:05] NOTICE: Terminating ...
[19-May-2023 22:59:05] NOTICE: Terminating ...
[19-May-2023 22:59:05] NOTICE: exiting, bye-bye!
[21-May-2023 11:27:45] NOTICE: fpm is running, pid 2425
[21-May-2023 11:27:45] NOTICE: ready to handle connections
[21-May-2023 23:33:32] NOTICE: Terminating ...
[21-May-2023 23:33:32] NOTICE: Terminating ...
[21-May-2023 23:33:32] NOTICE: exiting, bye-bye!
[22-May-2023 19:52:41] NOTICE: fpm is running, pid 2232
[22-May-2023 19:52:41] NOTICE: ready to handle connections
[23-May-2023 00:22:04] NOTICE: Terminating ...
[23-May-2023 00:22:04] NOTICE: Terminating ...
[23-May-2023 00:22:04] NOTICE: exiting, bye-bye!
[23-May-2023 20:57:10] NOTICE: fpm is running, pid 1553
[23-May-2023 20:57:10] NOTICE: ready to handle connections
[24-May-2023 01:56:54] NOTICE: Terminating ...
[24-May-2023 01:56:54] NOTICE: Terminating ...
[24-May-2023 01:56:54] NOTICE: exiting, bye-bye!
[24-May-2023 10:53:05] NOTICE: fpm is running, pid 2159
[24-May-2023 10:53:05] NOTICE: ready to handle connections
[24-May-2023 23:19:54] NOTICE: Terminating ...
[24-May-2023 23:19:54] NOTICE: Terminating ...
[24-May-2023 23:19:54] NOTICE: exiting, bye-bye!
[25-May-2023 11:54:28] NOTICE: fpm is running, pid 1732
[25-May-2023 11:54:28] NOTICE: ready to handle connections
[25-May-2023 21:40:29] NOTICE: Terminating ...
[25-May-2023 21:40:29] NOTICE: Terminating ...
[25-May-2023 21:40:29] NOTICE: exiting, bye-bye!
[25-May-2023 23:36:29] NOTICE: fpm is running, pid 3679
[25-May-2023 23:36:29] NOTICE: ready to handle connections
[26-May-2023 01:08:37] NOTICE: Terminating ...
[26-May-2023 01:08:37] NOTICE: Terminating ...
[26-May-2023 01:08:37] NOTICE: exiting, bye-bye!
[26-May-2023 15:57:01] NOTICE: fpm is running, pid 1545
[26-May-2023 15:57:01] NOTICE: ready to handle connections
[27-May-2023 21:18:23] NOTICE: Terminating ...
[27-May-2023 21:18:23] NOTICE: Terminating ...
[27-May-2023 21:18:23] NOTICE: exiting, bye-bye!
[28-May-2023 13:01:53] NOTICE: fpm is running, pid 13581
[28-May-2023 13:01:53] NOTICE: ready to handle connections
[28-May-2023 18:10:46] NOTICE: Terminating ...
[28-May-2023 18:10:46] NOTICE: Terminating ...
[28-May-2023 18:10:46] NOTICE: exiting, bye-bye!
[29-May-2023 11:07:19] NOTICE: fpm is running, pid 3314
[29-May-2023 11:07:19] NOTICE: ready to handle connections
[29-May-2023 16:15:46] NOTICE: Terminating ...
[29-May-2023 16:15:46] NOTICE: Terminating ...
[29-May-2023 16:15:46] NOTICE: exiting, bye-bye!
[29-May-2023 19:55:23] NOTICE: fpm is running, pid 2219
[29-May-2023 19:55:23] NOTICE: ready to handle connections
[29-May-2023 22:58:57] NOTICE: Terminating ...
[29-May-2023 22:58:57] NOTICE: Terminating ...
[29-May-2023 22:58:57] NOTICE: exiting, bye-bye!
[30-May-2023 19:32:14] NOTICE: fpm is running, pid 2866
[30-May-2023 19:32:14] NOTICE: ready to handle connections
[30-May-2023 23:29:03] NOTICE: Terminating ...
[30-May-2023 23:29:03] NOTICE: Terminating ...
[30-May-2023 23:29:03] NOTICE: exiting, bye-bye!
[31-May-2023 11:21:07] NOTICE: fpm is running, pid 2318
[31-May-2023 11:21:07] NOTICE: ready to handle connections
[31-May-2023 18:02:16] NOTICE: Terminating ...
[31-May-2023 18:02:16] NOTICE: Terminating ...
[31-May-2023 18:02:16] NOTICE: exiting, bye-bye!
[01-Jun-2023 13:00:46] NOTICE: fpm is running, pid 3094
[01-Jun-2023 13:00:46] NOTICE: ready to handle connections
[02-Jun-2023 00:17:20] NOTICE: Terminating ...
[02-Jun-2023 00:17:20] NOTICE: Terminating ...
[02-Jun-2023 00:17:20] NOTICE: exiting, bye-bye!
[02-Jun-2023 16:23:07] NOTICE: fpm is running, pid 10027
[02-Jun-2023 16:23:07] NOTICE: ready to handle connections
[02-Jun-2023 23:06:49] NOTICE: Terminating ...
[02-Jun-2023 23:06:49] NOTICE: Terminating ...
[02-Jun-2023 23:06:49] NOTICE: exiting, bye-bye!
[03-Jun-2023 09:55:38] NOTICE: fpm is running, pid 2558
[03-Jun-2023 09:55:38] NOTICE: ready to handle connections
